<?xml version="1.0" encoding="UTF-8"?>
<testsuite xmlns:xsi="http://www.w3.org/2001/XMLSchema-instance" xsi:noNamespaceSchemaLocation="https://maven.apache.org/surefire/maven-surefire-plugin/xsd/surefire-test-report.xsd" name="zk.zookeeperTest" time="64.745" tests="1" errors="1" skipped="0" failures="0">
  <properties>
    <property name="sun.desktop" value="windows"/>
    <property name="awt.toolkit" value="sun.awt.windows.WToolkit"/>
    <property name="file.encoding.pkg" value="sun.io"/>
    <property name="java.specification.version" value="1.8"/>
    <property name="sun.cpu.isalist" value="amd64"/>
    <property name="sun.jnu.encoding" value="GBK"/>
    <property name="java.class.path" value="F:\data-structure-learning\service10-zookeeper\target\test-classes;F:\data-structure-learning\service10-zookeeper\target\classes;E:\MavenRepository\junit\junit\4.12\junit-4.12.jar;E:\MavenRepository\org\hamcrest\hamcrest-core\2.1\hamcrest-core-2.1.jar;E:\MavenRepository\org\hamcrest\hamcrest\2.1\hamcrest-2.1.jar;E:\MavenRepository\org\projectlombok\lombok\1.18.12\lombok-1.18.12.jar;E:\MavenRepository\com\101tec\zkclient\0.10\zkclient-0.10.jar;E:\MavenRepository\org\slf4j\slf4j-api\1.7.29\slf4j-api-1.7.29.jar;E:\MavenRepository\org\apache\zookeeper\zookeeper\3.4.8\zookeeper-3.4.8.jar;E:\MavenRepository\org\slf4j\slf4j-log4j12\1.7.29\slf4j-log4j12-1.7.29.jar;E:\MavenRepository\log4j\log4j\1.2.16\log4j-1.2.16.jar;E:\MavenRepository\jline\jline\0.9.94\jline-0.9.94.jar;E:\MavenRepository\io\netty\netty\3.7.0.Final\netty-3.7.0.Final.jar;"/>
    <property name="java.vm.vendor" value="Oracle Corporation"/>
    <property name="sun.arch.data.model" value="64"/>
    <property name="user.variant" value=""/>
    <property name="java.vendor.url" value="http://java.oracle.com/"/>
    <property name="user.timezone" value="Asia/Shanghai"/>
    <property name="java.vm.specification.version" value="1.8"/>
    <property name="os.name" value="Windows 10"/>
    <property name="user.country" value="CN"/>
    <property name="sun.java.launcher" value="SUN_STANDARD"/>
    <property name="sun.boot.library.path" value="C:\Program Files\Java\jdk1.8.0_181\jre\bin"/>
    <property name="sun.java.command" value="C:\Users\ADMINI~1\AppData\Local\Temp\surefire7437008293166818779\surefirebooter1946342802027311101.jar C:\Users\Administrator\AppData\Local\Temp\surefire7437008293166818779 2022-02-08T15-41-05_653-jvmRun1 surefire2472668420521180365tmp surefire_22386926498143379315tmp"/>
    <property name="surefire.test.class.path" value="F:\data-structure-learning\service10-zookeeper\target\test-classes;F:\data-structure-learning\service10-zookeeper\target\classes;E:\MavenRepository\junit\junit\4.12\junit-4.12.jar;E:\MavenRepository\org\hamcrest\hamcrest-core\2.1\hamcrest-core-2.1.jar;E:\MavenRepository\org\hamcrest\hamcrest\2.1\hamcrest-2.1.jar;E:\MavenRepository\org\projectlombok\lombok\1.18.12\lombok-1.18.12.jar;E:\MavenRepository\com\101tec\zkclient\0.10\zkclient-0.10.jar;E:\MavenRepository\org\slf4j\slf4j-api\1.7.29\slf4j-api-1.7.29.jar;E:\MavenRepository\org\apache\zookeeper\zookeeper\3.4.8\zookeeper-3.4.8.jar;E:\MavenRepository\org\slf4j\slf4j-log4j12\1.7.29\slf4j-log4j12-1.7.29.jar;E:\MavenRepository\log4j\log4j\1.2.16\log4j-1.2.16.jar;E:\MavenRepository\jline\jline\0.9.94\jline-0.9.94.jar;E:\MavenRepository\io\netty\netty\3.7.0.Final\netty-3.7.0.Final.jar;"/>
    <property name="sun.cpu.endian" value="little"/>
    <property name="user.home" value="C:\Users\Administrator"/>
    <property name="user.language" value="zh"/>
    <property name="java.specification.vendor" value="Oracle Corporation"/>
    <property name="java.home" value="C:\Program Files\Java\jdk1.8.0_181\jre"/>
    <property name="basedir" value="F:\data-structure-learning\service10-zookeeper"/>
    <property name="file.separator" value="\"/>
    <property name="line.separator" value="&#10;"/>
    <property name="java.vm.specification.vendor" value="Oracle Corporation"/>
    <property name="java.specification.name" value="Java Platform API Specification"/>
    <property name="java.awt.graphicsenv" value="sun.awt.Win32GraphicsEnvironment"/>
    <property name="idea.version2020.1.2" value="true"/>
    <property name="surefire.real.class.path" value="C:\Users\ADMINI~1\AppData\Local\Temp\surefire7437008293166818779\surefirebooter1946342802027311101.jar"/>
    <property name="sun.boot.class.path" value="C:\Program Files\Java\jdk1.8.0_181\jre\lib\resources.jar;C:\Program Files\Java\jdk1.8.0_181\jre\lib\rt.jar;C:\Program Files\Java\jdk1.8.0_181\jre\lib\sunrsasign.jar;C:\Program Files\Java\jdk1.8.0_181\jre\lib\jsse.jar;C:\Program Files\Java\jdk1.8.0_181\jre\lib\jce.jar;C:\Program Files\Java\jdk1.8.0_181\jre\lib\charsets.jar;C:\Program Files\Java\jdk1.8.0_181\jre\lib\jfr.jar;C:\Program Files\Java\jdk1.8.0_181\jre\classes"/>
    <property name="user.script" value=""/>
    <property name="sun.management.compiler" value="HotSpot 64-Bit Tiered Compilers"/>
    <property name="java.runtime.version" value="1.8.0_181-b13"/>
    <property name="user.name" value="Administrator"/>
    <property name="path.separator" value=";"/>
    <property name="os.version" value="10.0"/>
    <property name="java.endorsed.dirs" value="C:\Program Files\Java\jdk1.8.0_181\jre\lib\endorsed"/>
    <property name="java.runtime.name" value="Java(TM) SE Runtime Environment"/>
    <property name="file.encoding" value="GBK"/>
    <property name="java.vm.name" value="Java HotSpot(TM) 64-Bit Server VM"/>
    <property name="localRepository" value="E:\MavenRepository"/>
    <property name="java.vendor.url.bug" value="http://bugreport.sun.com/bugreport/"/>
    <property name="java.io.tmpdir" value="C:\Users\ADMINI~1\AppData\Local\Temp\"/>
    <property name="java.version" value="1.8.0_181"/>
    <property name="user.dir" value="F:\data-structure-learning\service10-zookeeper"/>
    <property name="os.arch" value="amd64"/>
    <property name="java.vm.specification.name" value="Java Virtual Machine Specification"/>
    <property name="java.awt.printerjob" value="sun.awt.windows.WPrinterJob"/>
    <property name="sun.os.patch.level" value=""/>
    <property name="java.library.path" value="C:\Program Files\Java\jdk1.8.0_181\jre\bin;C:\Windows\Sun\Java\bin;C:\Windows\system32;C:\Windows;E:\windows\WINDOWS.X64_193000_db_home\bin;C:\Program Files\VanDyke Software\Clients\;C:\Windows\system32;C:\Windows;C:\Windows\System32\Wbem;C:\Windows\System32\WindowsPowerShell\v1.0\;C:\Windows\System32\OpenSSH\;&quot;C:\Program Files\java\apache-maven-3.6.3\bin;&quot;;C:\Program Files\java\apache-maven-3.6.3\bin;C:\Program Files\MySQL\MySQL Server 5.7\bin;C:\Program Files\Microsoft SQL Server\120\DTS\Binn\;C:\Program Files\Microsoft SQL Server\Client SDK\ODBC\110\Tools\Binn\;C:\Program Files (x86)\Microsoft SQL Server\120\Tools\Binn\;C:\Program Files\Microsoft SQL Server\120\Tools\Binn\;C:\Program Files (x86)\Microsoft SQL Server\120\Tools\Binn\ManagementStudio\;C:\Program Files (x86)\Microsoft SQL Server\120\DTS\Binn\;C:\Program Files\TortoiseSVN\bin;C:\Program Files\java\jdk1.8.0_181\bin;C:\Program Files\java\jdk1.8.0_181\jre\bin;C:\Program Files\Git\cmd;C:\Program Files\TortoiseGit\bin;C:\Program Files\nodejs\;C:\ProgramData\chocolatey\bin;C:\Program Files (x86)\NVIDIA Corporation\PhysX\Common;C:\Program Files\NVIDIA Corporation\NVIDIA NvDLISR;D:\Program Files\Go\bin;C:\Users\Administrator\AppData\Local\Programs\Python\Python39\Scripts\;C:\Users\Administrator\AppData\Local\Programs\Python\Python39\;C:\Users\Administrator\AppData\Local\Microsoft\WindowsApps;&quot;C:\Program Files\java\jdk1.8.0_181\bin;C:\Program Files\JetBrains\PyCharm Community Edition 2021.1.3\bin;D:\Program Files\JetBrains\IntelliJ IDEA 2020.1.2\bin;D:\Users\Administrator\AppData\Local\Programs\Microsoft VS Code\bin;C:\Users\Administrator\AppData\Roaming\npm;C:\Users\Administrator\go\bin;."/>
    <property name="java.vm.info" value="mixed mode"/>
    <property name="java.vendor" value="Oracle Corporation"/>
    <property name="java.vm.version" value="25.181-b13"/>
    <property name="java.ext.dirs" value="C:\Program Files\Java\jdk1.8.0_181\jre\lib\ext;C:\Windows\Sun\Java\lib\ext"/>
    <property name="sun.io.unicode.encoding" value="UnicodeLittle"/>
    <property name="maven.repo.local" value="E:\MavenRepository"/>
    <property name="java.class.version" value="52.0"/>
  </properties>
  <testcase name="testCreateNode" classname="zk.zookeeperTest" time="64.606">
    <error message="Unable to connect to zookeeper server &apos;192.168.42.132:2181,192.168.42.132:2182,192.168.42.132:2183&apos; with timeout of 60000 ms" type="org.I0Itec.zkclient.exception.ZkTimeoutException">org.I0Itec.zkclient.exception.ZkTimeoutException: Unable to connect to zookeeper server '192.168.42.132:2181,192.168.42.132:2182,192.168.42.132:2183' with timeout of 60000 ms
	at zk.zookeeperTest.testCreateNode(zookeeperTest.java:33)
</error>
    <system-err><![CDATA[log4j:WARN No appenders could be found for logger (org.I0Itec.zkclient.ZkConnection).
log4j:WARN Please initialize the log4j system properly.
log4j:WARN See http://logging.apache.org/log4j/1.2/faq.html#noconfig for more info.
log4j:WARN No appenders could be found for logger (org.I0Itec.zkclient.ZkEventThread).
log4j:WARN Please initialize the log4j system properly.
log4j:WARN See http://logging.apache.org/log4j/1.2/faq.html#noconfig for more info.
]]></system-err>
  </testcase>
</testsuite>